[     144ms] [ERROR] Failed to load resource: the server responded with a status of 404 (Not Found) @ http://localhost:3000/_next/static/chunks/app/%5Blocale%5D/galeria/page.js:0
[     313ms] [INFO] %cDownload the React DevTools for a better development experience: https://react.dev/link/react-devtools font-weight:bold @ webpack-internal:///(app-pages-browser)/./node_modules/next/dist/compiled/react-dom/cjs/react-dom-client.development.js:25630
[    3760ms] [WARNING] The resource https://www.googletagmanager.com/gtm.js?id=GTM-KRJHXP6D was preloaded using link preload but not used within a few seconds from the window's load event. Please make sure it has an appropriate `as` value and it is preloaded intentionally. @ http://localhost:3000/en/galeria:0
[    3760ms] [WARNING] The resource https://www.googletagmanager.com/gtag/js?id=G-0SW8NFFFEV was preloaded using link preload but not used within a few seconds from the window's load event. Please make sure it has an appropriate `as` value and it is preloaded intentionally. @ http://localhost:3000/en/galeria:0
[   29183ms] [WARNING] The resource https://www.googletagmanager.com/gtm.js?id=GTM-KRJHXP6D was preloaded using link preload but not used within a few seconds from the window's load event. Please make sure it has an appropriate `as` value and it is preloaded intentionally. @ http://localhost:3000/en/galeria:0
[   29183ms] [WARNING] The resource https://www.googletagmanager.com/gtag/js?id=G-0SW8NFFFEV was preloaded using link preload but not used within a few seconds from the window's load event. Please make sure it has an appropriate `as` value and it is preloaded intentionally. @ http://localhost:3000/en/galeria:0
[   36990ms] [WARNING] The resource https://www.googletagmanager.com/gtm.js?id=GTM-KRJHXP6D was preloaded using link preload but not used within a few seconds from the window's load event. Please make sure it has an appropriate `as` value and it is preloaded intentionally. @ http://localhost:3000/en/galeria:0
[   36990ms] [WARNING] The resource https://www.googletagmanager.com/gtag/js?id=G-0SW8NFFFEV was preloaded using link preload but not used within a few seconds from the window's load event. Please make sure it has an appropriate `as` value and it is preloaded intentionally. @ http://localhost:3000/en/galeria:0
[   82846ms] [WARNING] The resource https://www.googletagmanager.com/gtm.js?id=GTM-KRJHXP6D was preloaded using link preload but not used within a few seconds from the window's load event. Please make sure it has an appropriate `as` value and it is preloaded intentionally. @ http://localhost:3000/en/galeria:0
[   82846ms] [WARNING] The resource https://www.googletagmanager.com/gtag/js?id=G-0SW8NFFFEV was preloaded using link preload but not used within a few seconds from the window's load event. Please make sure it has an appropriate `as` value and it is preloaded intentionally. @ http://localhost:3000/en/galeria:0
[  120333ms] ChunkLoadError: Loading chunk app/[locale]/galeria/page failed.
(timeout: http://localhost:3000/_next/static/chunks/app/%5Blocale%5D/galeria/page.js)
    at __webpack_require__.f.j (http://localhost:3000/_next/static/chunks/webpack.js?v=1782269164844:850:29)
    at http://localhost:3000/_next/static/chunks/webpack.js?v=1782269164844:145:40
    at Array.reduce (<anonymous>)
    at __webpack_require__.e (http://localhost:3000/_next/static/chunks/webpack.js?v=1782269164844:144:67)
    at fn.e (http://localhost:3000/_next/static/chunks/webpack.js?v=1782269164844:381:50)
    at loadChunk (webpack-internal:///(app-pages-browser)/./node_modules/next/dist/compiled/react-server-dom-webpack/cjs/react-server-dom-webpack-client.browser.development.js:113:34)
    at preloadModule (webpack-internal:///(app-pages-browser)/./node_modules/next/dist/compiled/react-server-dom-webpack/cjs/react-server-dom-webpack-client.browser.development.js:82:31)
    at resolveModule (webpack-internal:///(app-pages-browser)/./node_modules/next/dist/compiled/react-server-dom-webpack/cjs/react-server-dom-webpack-client.browser.development.js:2130:20)
    at processFullStringRow (webpack-internal:///(app-pages-browser)/./node_modules/next/dist/compiled/react-server-dom-webpack/cjs/react-server-dom-webpack-client.browser.development.js:2830:11)
    at processFullBinaryRow (webpack-internal:///(app-pages-browser)/./node_modules/next/dist/compiled/react-server-dom-webpack/cjs/react-server-dom-webpack-client.browser.development.js:2825:7)
    at processBinaryChunk (webpack-internal:///(app-pages-browser)/./node_modules/next/dist/compiled/react-server-dom-webpack/cjs/react-server-dom-webpack-client.browser.development.js:3028:15)
    at progress (webpack-internal:///(app-pages-browser)/./node_modules/next/dist/compiled/react-server-dom-webpack/cjs/react-server-dom-webpack-client.browser.development.js:3294:13)
[  123362ms] [WARNING] The resource https://www.googletagmanager.com/gtm.js?id=GTM-KRJHXP6D was preloaded using link preload but not used within a few seconds from the window's load event. Please make sure it has an appropriate `as` value and it is preloaded intentionally. @ http://localhost:3000/en/galeria:0
[  123362ms] [WARNING] The resource https://www.googletagmanager.com/gtag/js?id=G-0SW8NFFFEV was preloaded using link preload but not used within a few seconds from the window's load event. Please make sure it has an appropriate `as` value and it is preloaded intentionally. @ http://localhost:3000/en/galeria:0
